生成启动时间为 2015/8/21 星期五 11:58:40。
     1>项目“F:\Graphics\邹昌_Assignment4\raytracer\raytracer\raytracer.vcxproj”在节点 2 上(Build 个目标)。
     1>ClCompile:
         E:\Program Files\VS2013\VC\bin\CL.exe /c /ZI /nologo /W3 /WX- /sdl /Od /Oy- /D WIN32 /D _DEBUG /D _CONSOLE /D _LIB /D _CRT_SECURE_NO_WARNINGS /D _UNICODE /D UNICODE /Gm /EHsc /RTC1 /MDd /GS /fp:precise /Zc:wchar_t /Zc:forScope /Fo"Debug\\" /Fd"Debug\vc120.pdb" /Gd /TP /analyze- /errorReport:prompt camera.cpp glCanvas.cpp group.cpp image.cpp light.cpp main.cpp material.cpp matrix.cpp object3d.cpp plane.cpp rayTracer.cpp rayTree.cpp scene_parser.cpp sphere.cpp transform.cpp triangle.cpp
         triangle.cpp
         transform.cpp
         sphere.cpp
         scene_parser.cpp
         rayTree.cpp
     1>f:\graphics\邹昌_assignment4\raytracer\raytracer\raytree.cpp(15): warning C4101: “i”: 未引用的局部变量
     1>f:\graphics\邹昌_assignment4\raytracer\raytracer\raytree.cpp(28): warning C4101: “i”: 未引用的局部变量
         rayTracer.cpp
         plane.cpp
         object3d.cpp
         matrix.cpp
         material.cpp
         main.cpp
         light.cpp
         image.cpp
     1>f:\graphics\邹昌_assignment4\raytracer\raytracer\image.cpp(43): warning C4101: “tmp”: 未引用的局部变量
     1>f:\graphics\邹昌_assignment4\raytracer\raytracer\image.cpp(98): warning C4244: “参数”: 从“double”转换到“float”，可能丢失数据
     1>f:\graphics\邹昌_assignment4\raytracer\raytracer\image.cpp(163): warning C4244: “参数”: 从“double”转换到“float”，可能丢失数据
         group.cpp
         glCanvas.cpp
         camera.cpp
         正在生成代码...
     1>f:\graphics\邹昌_assignment4\raytracer\raytracer\light.h(47): warning C4756: 常量算法中溢出
     1>f:\graphics\邹昌_assignment4\raytracer\raytracer\light.h(47): warning C4756: 常量算法中溢出
       Link:
         E:\Program Files\VS2013\VC\bin\link.exe /ERRORREPORT:PROMPT /OUT:"F:\Graphics\邹昌_Assignment4\raytracer\Debug\raytracer.exe" /INCREMENTAL /NOLOGO kernel32.lib user32.lib gdi32.lib winspool.lib comdlg32.lib advapi32.lib shell32.lib ole32.lib oleaut32.lib uuid.lib odbc32.lib odbccp32.lib /MANIFEST /MANIFESTUAC:"level='asInvoker' uiAccess='false'" /manifest:embed /DEBUG /PDB:"F:\Graphics\邹昌_Assignment4\raytracer\Debug\raytracer.pdb" /SUBSYSTEM:CONSOLE /TLBID:1 /DYNAMICBASE /NXCOMPAT /IMPLIB:"F:\Graphics\邹昌_Assignment4\raytracer\Debug\raytracer.lib" /MACHINE:X86 Debug\camera.obj
         Debug\glCanvas.obj
         Debug\group.obj
         Debug\image.obj
         Debug\light.obj
         Debug\main.obj
         Debug\material.obj
         Debug\matrix.obj
         Debug\object3d.obj
         Debug\plane.obj
         Debug\rayTracer.obj
         Debug\rayTree.obj
         Debug\scene_parser.obj
         Debug\sphere.obj
         Debug\transform.obj
         Debug\triangle.obj
         raytracer.vcxproj -> F:\Graphics\邹昌_Assignment4\raytracer\Debug\raytracer.exe
     1>已完成生成项目“F:\Graphics\邹昌_Assignment4\raytracer\raytracer\raytracer.vcxproj”(Build 个目标)的操作。

生成成功。

已用时间 00:00:08.56
