生成启动时间为 2015/6/25 21:00:51。
     1>项目“C:\Users\sony\Desktop\raytracer\raytracer\raytracer.vcxproj”在节点 2 上(Build 个目标)。
     1>ClCompile:
         E:\ProgramFiles\VS2013\VC\bin\CL.exe /c /ZI /nologo /W3 /WX- /sdl /Od /Oy- /D WIN32 /D _DEBUG /D _CONSOLE /D _LIB /D _CRT_SECURE_NO_WARNINGS /D _UNICODE /D UNICODE /Gm /EHsc /RTC1 /MDd /GS /fp:precise /Zc:wchar_t /Zc:forScope /Fo"Debug\\" /Fd"Debug\vc120.pdb" /Gd /TP /analyze- /errorReport:prompt main.cpp
         main.cpp
     1>c:\users\sony\desktop\raytracer\raytracer\group.h(24): warning C4200: 使用了非标准扩展 : 结构/联合中的零大小数组
                 当 UDT 包含大小为零的数组时，无法生成复制构造函数或副本赋值运算符
     1>c:\users\sony\desktop\raytracer\raytracer\main.cpp(48): warning C4244: “=”: 从“double”转换到“float”，可能丢失数据
     1>c:\users\sony\desktop\raytracer\raytracer\main.cpp(50): warning C4244: “=”: 从“double”转换到“float”，可能丢失数据
     1>c:\users\sony\desktop\raytracer\raytracer\main.cpp(96): warning C4244: “初始化”: 从“double”转换到“float”，可能丢失数据
     1>c:\users\sony\desktop\raytracer\raytracer\main.cpp(97): warning C4244: “初始化”: 从“double”转换到“float”，可能丢失数据
     1>c:\users\sony\desktop\raytracer\raytracer\main.cpp(107): warning C4244: “初始化”: 从“double”转换到“float”，可能丢失数据
       Link:
         E:\ProgramFiles\VS2013\VC\bin\link.exe /ERRORREPORT:PROMPT /OUT:"C:\Users\sony\Desktop\raytracer\Debug\raytracer.exe" /INCREMENTAL /NOLOGO kernel32.lib user32.lib gdi32.lib winspool.lib comdlg32.lib advapi32.lib shell32.lib ole32.lib oleaut32.lib uuid.lib odbc32.lib odbccp32.lib /MANIFEST /MANIFESTUAC:"level='asInvoker' uiAccess='false'" /manifest:embed /DEBUG /PDB:"C:\Users\sony\Desktop\raytracer\Debug\raytracer.pdb" /SUBSYSTEM:CONSOLE /TLBID:1 /DYNAMICBASE /NXCOMPAT /IMPLIB:"C:\Users\sony\Desktop\raytracer\Debug\raytracer.lib" /MACHINE:X86 Debug\camera.obj
         Debug\group.obj
         Debug\image.obj
         Debug\main.obj
         Debug\matrix.obj
         Debug\object3d.obj
         Debug\scene_parser.obj
         Debug\sphere.obj
         raytracer.vcxproj -> C:\Users\sony\Desktop\raytracer\Debug\raytracer.exe
     1>已完成生成项目“C:\Users\sony\Desktop\raytracer\raytracer\raytracer.vcxproj”(Build 个目标)的操作。

生成成功。

已用时间 00:00:00.80
